-------------------------------------------------------------------------------
Test set: TestSuite
-------------------------------------------------------------------------------
Tests run: 7, Failures: 1, Errors: 0, Skipped: 0, Time elapsed: 0.864 s <<< FAILURE! - in TestSuite
substractionFailTest(org.demo.app.CalculatorTest)  Time elapsed: 0.01 s  <<< FAILURE!
java.lang.AssertionError: expected [3] but found [2]
	at org.demo.app.CalculatorTest.substractionFailTest(CalculatorTest.java:39)

